\BOOKMARK [0][-]{chapter.1}{Introduccion}{}% 1
\BOOKMARK [1][-]{section.1.1}{Alcance del Documento}{chapter.1}% 2
\BOOKMARK [1][-]{section.1.2}{Introducci\363n a BPMN}{chapter.1}% 3
\BOOKMARK [0][-]{chapter.2}{Contexto}{}% 4
\BOOKMARK [1][-]{section.2.1}{Misi\363n y Visi\363n}{chapter.2}% 5
\BOOKMARK [1][-]{section.2.2}{Organigrama}{chapter.2}% 6
\BOOKMARK [1][-]{section.2.3}{Procesos Involucrados}{chapter.2}% 7
\BOOKMARK [0][-]{chapter.3}{Problem\341tica}{}% 8
\BOOKMARK [1][-]{section.3.1}{AS IS}{chapter.3}% 9
\BOOKMARK [1][-]{section.3.2}{Causas}{chapter.3}% 10
\BOOKMARK [1][-]{section.3.3}{Consecuencias}{chapter.3}% 11
\BOOKMARK [0][-]{chapter.4}{Propuestas de Soluci\363n}{}% 12
\BOOKMARK [1][-]{section.4.1}{TO BE}{chapter.4}% 13
\BOOKMARK [1][-]{section.4.2}{\301reas de Oportunidad}{chapter.4}% 14
\BOOKMARK [1][-]{section.4.3}{Requerimientos Iniciales de Usuario}{chapter.4}% 15
\BOOKMARK [1][-]{section.4.4}{Requerimientos Iniciales del Sistema}{chapter.4}% 16
\BOOKMARK [1][-]{section.4.5}{Conclusiones}{chapter.4}% 17
\BOOKMARK [1][-]{section.4.6}{Statement of Work}{chapter.4}% 18
\BOOKMARK [0][-]{appendix.Alph1}{Notas del cliente}{}% 19
\BOOKMARK [0][-]{appendix.Alph2}{Cambios solicitados por el cliente}{}% 20
\BOOKMARK [0][-]{appendix.Alph3}{Firmas}{}% 21
